<?xml version="1.0" encoding="UTF-8"?>
<!-- Generated by org.testng.reporters.JUnitReportReporter -->
<testsuite hostname="Kalaiselvans-MacBook-Air.local" failures="0" tests="1" name="restAssured.createPostRequestPayloads" time="0.527" errors="0" timestamp="2024-10-30T11:19:11 IST" skipped="0">
  <testcase classname="restAssured.createPostRequestPayloads" name="usingExternalFile" time="0.527"/>
  <system-out/>
</testsuite> <!-- restAssured.createPostRequestPayloads -->
