<?xml version="1.0" encoding="UTF-8"?>
<!-- Generated by org.testng.reporters.JUnitReportReporter -->
<testsuite hostname="Kalaiselvans-MacBook-Air.local" failures="0" tests="1" name="restAssured.HTTPRequests" time="0.720" errors="0" timestamp="2024-10-30T08:32:08 IST" skipped="0">
  <testcase classname="restAssured.HTTPRequests" name="deleteUsersWithoutFirstName" time="0.720"/>
  <system-out/>
</testsuite> <!-- restAssured.HTTPRequests -->
