<?xml version="1.0" encoding="UTF-8"?>
<!-- Generated by org.testng.reporters.JUnitReportReporter -->
<testsuite hostname="Kalaiselvans-MacBook-Air.local" failures="0" tests="1" name="parsingResponseBody.getAlltheTitles" time="0.654" errors="0" timestamp="2024-10-30T16:44:44 IST" skipped="0">
  <testcase classname="parsingResponseBody.getAlltheTitles" name="getTitlesBasedonFiction" time="0.654"/>
  <system-out/>
</testsuite> <!-- parsingResponseBody.getAlltheTitles -->
