<?xml version="1.0" encoding="UTF-8"?>
<!-- Generated by org.testng.reporters.JUnitReportReporter -->
<testsuite hostname="Kalaiselvans-MacBook-Air.local" failures="0" tests="1" name="schemaValidation.JSONschemaValidation" time="0.627" errors="0" timestamp="2024-10-30T20:33:46 IST" skipped="0">
  <testcase classname="schemaValidation.JSONschemaValidation" name="schemavalidate" time="0.627"/>
  <system-out/>
</testsuite> <!-- schemaValidation.JSONschemaValidation -->
