<?xml version="1.0" encoding="UTF-8"?>
<!-- Generated by org.testng.reporters.JUnitReportReporter -->
<testsuite hostname="Kalaiselvans-MacBook-Air.local" failures="0" tests="1" name="parsingResponseBody.getBookPrice" time="0.692" errors="0" timestamp="2024-10-30T17:13:51 IST" skipped="0">
  <testcase classname="parsingResponseBody.getBookPrice" name="getFictionBookPrices" time="0.692"/>
  <system-out/>
</testsuite> <!-- parsingResponseBody.getBookPrice -->
