<?xml version="1.0" encoding="UTF-8"?>
<!-- Generated by org.testng.reporters.JUnitReportReporter -->
<testsuite hostname="Kalaiselvans-MacBook-Air.local" failures="0" tests="1" name="parsingResponseBody.getTitle" time="0.669" errors="0" timestamp="2024-10-30T15:25:33 IST" skipped="0">
  <testcase classname="parsingResponseBody.getTitle" name="bookTitle" time="0.669"/>
  <system-out/>
</testsuite> <!-- parsingResponseBody.getTitle -->
