<?xml version="1.0" encoding="UTF-8"?>
<!-- Generated by org.testng.reporters.JUnitReportReporter -->
<testsuite hostname="Kalaiselvans-MacBook-Air.local" failures="0" tests="1" name="Serialization_DeSerialization.serialization" time="0.089" errors="0" timestamp="2024-10-30T21:03:35 IST" skipped="0">
  <testcase classname="Serialization_DeSerialization.serialization" name="serialize" time="0.089"/>
  <system-out/>
</testsuite> <!-- Serialization_DeSerialization.serialization -->
