<?xml version="1.0" encoding="UTF-8"?>
<!-- Generated by org.testng.reporters.JUnitReportReporter -->
<testsuite hostname="Kalaiselvans-MacBook-Air.local" failures="0" tests="1" name="Serialization_DeSerialization.deserialization" time="0.085" errors="0" timestamp="2024-10-30T21:10:23 IST" skipped="0">
  <testcase classname="Serialization_DeSerialization.deserialization" name="deserialize" time="0.085"/>
  <system-out/>
</testsuite> <!-- Serialization_DeSerialization.deserialization -->
